[    0.000000] Linux version 4.15.0-118-generic (buildd@lgw01-amd64-039) (gcc version 7.5.0 (Ubuntu 7.5.0-3ubuntu1~18.04)) #119-Ubuntu SMP Tue Sep 8 12:30:01 UTC 2020 (Ubuntu 4.15.0-118.119-generic 4.15.18)
[    0.000000] Command line: BOOT_IMAGE=/boot/vmlinuz-4.15.0-118-generic root=LABEL=cloudimg-rootfs ro console=tty1 console=ttyS0
[    0.000000] KERNEL supported cpus:
[    0.000000]   Intel GenuineIntel
[    0.000000]   AMD AuthenticAMD
[    0.000000]   Centaur CentaurHauls
[    0.000000] x86/fpu: Supporting XSAVE feature 0x001: 'x87 floating point registers'
[    0.000000] x86/fpu: Supporting XSAVE feature 0x002: 'SSE registers'
[    0.000000] x86/fpu: Supporting XSAVE feature 0x004: 'AVX registers'
[    0.000000] x86/fpu: xstate_offset[2]:  576, xstate_sizes[2]:  256
[    0.000000] x86/fpu: Enabled xstate features 0x7, context size is 832 bytes, using 'standard' format.
[    0.000000] e820: BIOS-provided physical RAM map:
[    0.000000] BIOS-e820: [mem 0x0000000000000000-0x000000000009fbff] usable
[    0.000000] BIOS-e820: [mem 0x000000000009fc00-0x000000000009ffff] reserved
[    0.000000] BIOS-e820: [mem 0x00000000000f0000-0x00000000000fffff] reserved
[    0.000000] BIOS-e820: [mem 0x0000000000100000-0x000000007ffeffff] usable
[    0.000000] BIOS-e820: [mem 0x000000007fff0000-0x000000007fffffff] ACPI data
[    0.000000] BIOS-e820: [mem 0x00000000fec00000-0x00000000fec00fff] reserved
[    0.000000] BIOS-e820: [mem 0x00000000fee00000-0x00000000fee00fff] reserved
[    0.000000] BIOS-e820: [mem 0x00000000fffc0000-0x00000000ffffffff] reserved
[    0.000000] NX (Execute Disable) protection: active
[    0.000000] SMBIOS 2.5 present.
[    0.000000] DMI: innotek GmbH VirtualBox/VirtualBox, BIOS VirtualBox 12/01/2006
[    0.000000] Hypervisor detected: KVM
[    0.000000] e820: last_pfn = 0x7fff0 max_arch_pfn = 0x400000000
[    0.000000] MTRR: Disabled
[    0.000000] x86/PAT: MTRRs disabled, skipping PAT initialization too.
[    0.000000] CPU MTRRs all blank - virtualized system.
[    0.000000] x86/PAT: Configuration [0-7]: WB  WT  UC- UC  WB  WT  UC- UC  
[    0.000000] found SMP MP-table at [mem 0x0009fff0-0x0009ffff]
[    0.000000] Scanning 1 areas for low memory corruption
[    0.000000] RAMDISK: [mem 0x35a65000-0x36d29fff]
[    0.000000] ACPI: Early table checksum verification disabled
[    0.000000] ACPI: RSDP 0x00000000000E0000 000024 (v02 VBOX  )
[    0.000000] ACPI: XSDT 0x000000007FFF0030 00003C (v01 VBOX   VBOXXSDT 00000001 ASL  00000061)
[    0.000000] ACPI: FACP 0x000000007FFF00F0 0000F4 (v04 VBOX   VBOXFACP 00000001 ASL  00000061)
[    0.000000] ACPI: DSDT 0x000000007FFF0470 002325 (v02 VBOX   VBOXBIOS 00000002 INTL 20190509)
[    0.000000] ACPI: FACS 0x000000007FFF0200 000040
[    0.000000] ACPI: FACS 0x000000007FFF0200 000040
[    0.000000] ACPI: APIC 0x000000007FFF0240 00005C (v02 VBOX   VBOXAPIC 00000001 ASL  00000061)
[    0.000000] ACPI: SSDT 0x000000007FFF02A0 0001CC (v01 VBOX   VBOXCPUT 00000002 INTL 20190509)
[    0.000000] No NUMA configuration found
[    0.000000] Faking a node at [mem 0x0000000000000000-0x000000007ffeffff]
[    0.000000] NODE_DATA(0) allocated [mem 0x7ffc5000-0x7ffeffff]
[    0.000000] kvm-clock: cpu 0, msr 0:7ff44001, primary cpu clock
[    0.000000] kvm-clock: Using msrs 4b564d01 and 4b564d00
[    0.000000] kvm-clock: using sched offset of 4373177302 cycles
[    0.000000] clocksource: kvm-clock: mask: 0xffffffffffffffff max_cycles: 0x1cd42e4dffb, max_idle_ns: 881590591483 ns
[    0.000000] Zone ranges:
[    0.000000]   DMA      [mem 0x0000000000001000-0x0000000000ffffff]
[    0.000000]   DMA32    [mem 0x0000000001000000-0x000000007ffeffff]
[    0.000000]   Normal   empty
[    0.000000]   Device   empty
[    0.000000] Movable zone start for each node
[    0.000000] Early memory node ranges
[    0.000000]   node   0: [mem 0x0000000000001000-0x000000000009efff]
[    0.000000]   node   0: [mem 0x0000000000100000-0x000000007ffeffff]
[    0.000000] Reserved but unavailable: 98 pages
[    0.000000] Initmem setup node 0 [mem 0x0000000000001000-0x000000007ffeffff]
[    0.000000] ACPI: PM-Timer IO Port: 0x4008
[    0.000000] IOAPIC[0]: apic_id 2, version 32, address 0xfec00000, GSI 0-23
[    0.000000] ACPI: INT_SRC_OVR (bus 0 bus_irq 0 global_irq 2 dfl dfl)
[    0.000000] ACPI: INT_SRC_OVR (bus 0 bus_irq 9 global_irq 9 low level)
[    0.000000] Using ACPI (MADT) for SMP configuration information
[    0.000000] smpboot: Allowing 2 CPUs, 0 hotplug CPUs
[    0.000000] PM: Registered nosave memory: [mem 0x00000000-0x00000fff]
[    0.000000] PM: Registered nosave memory: [mem 0x0009f000-0x0009ffff]
[    0.000000] PM: Registered nosave memory: [mem 0x000a0000-0x000effff]
[    0.000000] PM: Registered nosave memory: [mem 0x000f0000-0x000fffff]
[    0.000000] e820: [mem 0x80000000-0xfebfffff] available for PCI devices
[    0.000000] Booting paravirtualized kernel on KVM
[    0.000000] clocksource: refined-jiffies: mask: 0xffffffff max_cycles: 0xffffffff, max_idle_ns: 7645519600211568 ns
[    0.000000] random: get_random_bytes called from start_kernel+0x99/0x500 with crng_init=0
[    0.000000] setup_percpu: NR_CPUS:8192 nr_cpumask_bits:2 nr_cpu_ids:2 nr_node_ids:1
[    0.000000] percpu: Embedded 45 pages/cpu s147456 r8192 d28672 u1048576
[    0.000000] PV qspinlock hash table entries: 256 (order: 0, 4096 bytes)
[    0.000000] Built 1 zonelists, mobility grouping on.  Total pages: 515961
[    0.000000] Policy zone: DMA32
[    0.000000] Kernel command line: BOOT_IMAGE=/boot/vmlinuz-4.15.0-118-generic root=LABEL=cloudimg-rootfs ro console=tty1 console=ttyS0
[    0.000000] Memory: 2015220K/2096696K available (12300K kernel code, 2482K rwdata, 4272K rodata, 2436K init, 2724K bss, 81476K reserved, 0K cma-reserved)
[    0.000000] SLUB: HWalign=64, Order=0-3, MinObjects=0, CPUs=2, Nodes=1
[    0.000000] Kernel/User page tables isolation: enabled
[    0.000000] ftrace: allocating 39396 entries in 154 pages
[    0.004000] Hierarchical RCU implementation.
[    0.004000] 	RCU restricting CPUs from NR_CPUS=8192 to nr_cpu_ids=2.
[    0.004000] 	Tasks RCU enabled.
[    0.004000] RCU: Adjusting geometry for rcu_fanout_leaf=16, nr_cpu_ids=2
[    0.004000] NR_IRQS: 524544, nr_irqs: 440, preallocated irqs: 16
[    0.004000] Console: colour VGA+ 80x25
[    0.004000] console [tty1] enabled
[    0.004000] console [ttyS0] enabled
[    0.004000] ACPI: Core revision 20170831
[    0.004000] ACPI: 2 ACPI AML tables successfully acquired and loaded
[    0.004000] APIC: Switch to symmetric I/O mode setup
[    0.004000] x2apic enabled
[    0.004000] Switched APIC routing to physical x2apic.
[    0.004000] ..TIMER: vector=0x30 apic1=0 pin1=2 apic2=-1 pin2=-1
[    0.004008] tsc: Detected 2494.826 MHz processor
[    0.008018] Calibrating delay loop (skipped) preset value.. 4989.65 BogoMIPS (lpj=9979304)
[    0.009831] pid_max: default: 32768 minimum: 301
[    0.010703] Security Framework initialized
[    0.012006] Yama: becoming mindful.
[    0.013026] AppArmor: AppArmor initialized
[    0.016000] Dentry cache hash table entries: 262144 (order: 9, 2097152 bytes)
[    0.016932] Inode-cache hash table entries: 131072 (order: 8, 1048576 bytes)
[    0.020035] Mount-cache hash table entries: 4096 (order: 3, 32768 bytes)
[    0.022600] Mountpoint-cache hash table entries: 4096 (order: 3, 32768 bytes)
[    0.024434] Last level iTLB entries: 4KB 512, 2MB 8, 4MB 8
[    0.025975] Last level dTLB entries: 4KB 512, 2MB 32, 4MB 32, 1GB 0
[    0.028010] Spectre V1 : Mitigation: usercopy/swapgs barriers and __user pointer sanitization
[    0.032027] Spectre V2 : Mitigation: Full generic retpoline
[    0.033553] Spectre V2 : Spectre v2 / SpectreRSB mitigation: Filling RSB on context switch
[    0.036018] Speculative Store Bypass: Vulnerable
[    0.037301] SRBDS: Unknown: Dependent on hypervisor status
[    0.038267] MDS: Mitigation: Clear CPU buffers
[    0.040254] Freeing SMP alternatives memory: 36K
[    0.153417] smpboot: CPU0: Intel(R) Core(TM) i5-3210M CPU @ 2.50GHz (family: 0x6, model: 0x3a, stepping: 0x9)
[    0.155344] Performance Events: unsupported p6 CPU model 58 no PMU driver, software events only.
[    0.156000] Hierarchical SRCU implementation.
[    0.156641] NMI watchdog: Perf event create on CPU 0 failed with -2
[    0.157819] NMI watchdog: Perf NMI watchdog permanently disabled
[    0.158944] smp: Bringing up secondary CPUs ...
[    0.160117] x86: Booting SMP configuration:
[    0.160870] .... node  #0, CPUs:      #1
[    0.004000] kvm-clock: cpu 1, msr 0:7ff44041, secondary cpu clock
[    0.172030] smp: Brought up 1 node, 2 CPUs
[    0.173099] smpboot: Max logical packages: 1
[    0.174225] smpboot: Total of 2 processors activated (9979.30 BogoMIPS)
[    0.176253] devtmpfs: initialized
[    0.177018] x86/mm: Memory block size: 128MB
[    0.180376] evm: security.selinux
[    0.181692] evm: security.SMACK64
[    0.184011] evm: security.SMACK64EXEC
[    0.185497] evm: security.SMACK64TRANSMUTE
[    0.186810] evm: security.SMACK64MMAP
[    0.188012] evm: security.apparmor
[    0.188854] evm: security.ima
[    0.189583] evm: security.capability
[    0.192261] clocksource: jiffies: mask: 0xffffffff max_cycles: 0xffffffff, max_idle_ns: 7645041785100000 ns
[    0.196069] futex hash table entries: 512 (order: 3, 32768 bytes)
[    0.197913] pinctrl core: initialized pinctrl subsystem
[    0.200170] RTC time:  7:27:54, date: 10/20/20
[    0.201458] NET: Registered protocol family 16
[    0.202496] audit: initializing netlink subsys (disabled)
[    0.204067] audit: type=2000 audit(1603178880.377:1): state=initialized audit_enabled=0 res=1
[    0.204264] cpuidle: using governor ladder
[    0.205153] cpuidle: using governor menu
[    0.208100] ACPI: bus type PCI registered
[    0.212013] acpiphp: ACPI Hot Plug PCI Controller Driver version: 0.5
[    0.213998] PCI: Using configuration type 1 for base access
[    0.217390] HugeTLB registered 2.00 MiB page size, pre-allocated 0 pages
[    0.224078] ACPI: Added _OSI(Module Device)
[    0.225336] ACPI: Added _OSI(Processor Device)
[    0.227695] ACPI: Added _OSI(3.0 _SCP Extensions)
[    0.228031] ACPI: Added _OSI(Processor Aggregator Device)
[    0.229854] ACPI: Added _OSI(Linux-Dell-Video)
[    0.232023] ACPI: Added _OSI(Linux-Lenovo-NV-HDMI-Audio)
[    0.233457] ACPI: Added _OSI(Linux-HPI-Hybrid-Graphics)
[    0.235283] ACPI: Executed 1 blocks of module-level executable AML code
[    0.243111] ACPI: Interpreter enabled
[    0.244068] ACPI: (supports S0 S5)
[    0.244775] ACPI: Using IOAPIC for interrupt routing
[    0.246966] PCI: Using host bridge windows from ACPI; if necessary, use "pci=nocrs" and report a bug
[    0.248320] ACPI: Enabled 2 GPEs in block 00 to 07
[    0.266294] ACPI: PCI Root Bridge [PCI0] (domain 0000 [bus 00-ff])
[    0.268024] acpi PNP0A03:00: _OSC: OS supports [ASPM ClockPM Segments MSI]
[    0.271457] acpi PNP0A03:00: _OSC: not requesting OS control; OS requires [ExtendedConfig ASPM ClockPM MSI]
[    0.272044] acpi PNP0A03:00: fail to add MMCONFIG information, can't access extended PCI configuration space under this bridge.
[    0.280050] PCI host bridge to bus 0000:00
[    0.281059] pci_bus 0000:00: root bus resource [io  0x0000-0x0cf7 window]
[    0.283007] pci_bus 0000:00: root bus resource [io  0x0d00-0xffff window]
[    0.284016] pci_bus 0000:00: root bus resource [mem 0x000a0000-0x000bffff window]
[    0.288016] pci_bus 0000:00: root bus resource [mem 0x80000000-0xfdffffff window]
[    0.290443] pci_bus 0000:00: root bus resource [bus 00-ff]
[    0.294511] pci 0000:00:01.1: legacy IDE quirk: reg 0x10: [io  0x01f0-0x01f7]
[    0.296015] pci 0000:00:01.1: legacy IDE quirk: reg 0x14: [io  0x03f6]
[    0.298566] pci 0000:00:01.1: legacy IDE quirk: reg 0x18: [io  0x0170-0x0177]
[    0.300013] pci 0000:00:01.1: legacy IDE quirk: reg 0x1c: [io  0x0376]
[    0.360123] pci 0000:00:07.0: quirk: [io  0x4000-0x403f] claimed by PIIX4 ACPI
[    0.362440] pci 0000:00:07.0: quirk: [io  0x4100-0x410f] claimed by PIIX4 SMB
[    0.384461] ACPI: PCI Interrupt Link [LNKA] (IRQs 5 9 10 *11)
[    0.386711] ACPI: PCI Interrupt Link [LNKB] (IRQs 5 9 *10 11)
[    0.388194] ACPI: PCI Interrupt Link [LNKC] (IRQs 5 *9 10 11)
[    0.389624] ACPI: PCI Interrupt Link [LNKD] (IRQs 5 9 10 *11)
[    0.392162] SCSI subsystem initialized
[    0.393832] pci 0000:00:02.0: vgaarb: setting as boot VGA device
[    0.393832] pci 0000:00:02.0: vgaarb: VGA device added: decodes=io+mem,owns=io+mem,locks=none
[    0.396018] pci 0000:00:02.0: vgaarb: bridge control possible
[    0.397957] vgaarb: loaded
[    0.398910] ACPI: bus type USB registered
[    0.400114] usbcore: registered new interface driver usbfs
[    0.402021] usbcore: registered new interface driver hub
[    0.404074] usbcore: registered new device driver usb
[    0.405673] EDAC MC: Ver: 3.0.0
[    0.408316] PCI: Using ACPI for IRQ routing
[    0.409246] NetLabel: Initializing
[    0.409920] NetLabel:  domain hash size = 128
[    0.410708] NetLabel:  protocols = UNLABELED CIPSOv4 CALIPSO
[    0.412055] NetLabel:  unlabeled traffic allowed by default
[    0.416342] clocksource: Switched to clocksource kvm-clock
[    0.438614] VFS: Disk quotas dquot_6.6.0
[    0.440044] VFS: Dquot-cache hash table entries: 512 (order 0, 4096 bytes)
[    0.442646] AppArmor: AppArmor Filesystem Enabled
[    0.446060] pnp: PnP ACPI init
[    0.449352] pnp: PnP ACPI: found 3 devices
[    0.461991] clocksource: acpi_pm: mask: 0xffffff max_cycles: 0xffffff, max_idle_ns: 2085701024 ns
[    0.463750] NET: Registered protocol family 2
[    0.464974] TCP established hash table entries: 16384 (order: 5, 131072 bytes)
[    0.467789] TCP bind hash table entries: 16384 (order: 6, 262144 bytes)
[    0.472731] TCP: Hash tables configured (established 16384 bind 16384)
[    0.476557] UDP hash table entries: 1024 (order: 3, 32768 bytes)
[    0.479791] UDP-Lite hash table entries: 1024 (order: 3, 32768 bytes)
[    0.481666] NET: Registered protocol family 1
[    0.483414] pci 0000:00:00.0: Limiting direct PCI/PCI transfers
[    0.485475] pci 0000:00:01.0: Activating ISA DMA hang workarounds
[    0.487568] pci 0000:00:02.0: Video device with shadowed ROM at [mem 0x000c0000-0x000dffff]
[    0.490554] Unpacking initramfs...
[    0.823487] Freeing initrd memory: 19220K
[    0.824638] clocksource: tsc: mask: 0xffffffffffffffff max_cycles: 0x23f6222104d, max_idle_ns: 440795260514 ns
[    0.827182] platform rtc_cmos: registered platform RTC device (no PNP device found)
[    0.829111] Scanning for low memory corruption every 60 seconds
[    0.832195] Initialise system trusted keyrings
[    0.833802] Key type blacklist registered
[    0.835102] workingset: timestamp_bits=36 max_order=19 bucket_order=0
[    0.837742] zbud: loaded
[    0.839977] squashfs: version 4.0 (2009/01/31) Phillip Lougher
[    0.841444] fuse init (API version 7.26)
[    0.852989] Key type asymmetric registered
[    0.854069] Asymmetric key parser 'x509' registered
[    0.855332] Block layer SCSI generic (bsg) driver version 0.4 loaded (major 246)
[    0.857284] io scheduler noop registered
[    0.858503] io scheduler deadline registered
[    0.863561] io scheduler cfq registered (default)
[    0.869486] ACPI: AC Adapter [AC] (off-line)
[    0.871223] input: Power Button as /devices/LNXSYSTM:00/LNXPWRBN:00/input/input0
[    0.873689] ACPI: Power Button [PWRF]
[    0.874935] input: Sleep Button as /devices/LNXSYSTM:00/LNXSLPBN:00/input/input1
[    0.878607] ACPI: Sleep Button [SLPF]
[    0.881156] ACPI: Battery Slot [BAT0] (battery present)
[    0.882427] Serial: 8250/16550 driver, 32 ports, IRQ sharing enabled
[    0.904959] 00:02: ttyS0 at I/O 0x3f8 (irq = 4, base_baud = 115200) is a 16550A
[    0.913649] Linux agpgart interface v0.103
[    0.918423] loop: module loaded
[    0.921365] scsi host0: ata_piix
[    0.922610] scsi host1: ata_piix
[    0.923646] ata1: PATA max UDMA/33 cmd 0x1f0 ctl 0x3f6 bmdma 0xd000 irq 14
[    0.926474] ata2: PATA max UDMA/33 cmd 0x170 ctl 0x376 bmdma 0xd008 irq 15
[    0.928316] libphy: Fixed MDIO Bus: probed
[    0.929658] tun: Universal TUN/TAP device driver, 1.6
[    0.931545] PPP generic driver version 2.4.2
[    0.933024] ehci_hcd: USB 2.0 'Enhanced' Host Controller (EHCI) Driver
[    0.934867] ehci-pci: EHCI PCI platform driver
[    0.936452] ehci-platform: EHCI generic platform driver
[    0.937950] ohci_hcd: USB 1.1 'Open' Host Controller (OHCI) Driver
[    0.939489] ohci-pci: OHCI PCI platform driver
[    0.940462] ohci-platform: OHCI generic platform driver
[    0.941395] uhci_hcd: USB Universal Host Controller Interface driver
[    0.944157] i8042: PNP: PS/2 Controller [PNP0303:PS2K,PNP0f03:PS2M] at 0x60,0x64 irq 1,12
[    0.948484] serio: i8042 KBD port at 0x60,0x64 irq 1
[    0.952135] serio: i8042 AUX port at 0x60,0x64 irq 12
[    0.954069] mousedev: PS/2 mouse device common for all mice
[    0.956536] input: AT Translated Set 2 keyboard as /devices/platform/i8042/serio0/input/input2
[    0.959033] rtc_cmos rtc_cmos: rtc core: registered rtc_cmos as rtc0
[    0.961963] rtc_cmos rtc_cmos: alarms up to one day, 114 bytes nvram
[    0.963785] i2c /dev entries driver
[    0.965162] device-mapper: uevent: version 1.0.3
[    0.967159] device-mapper: ioctl: 4.37.0-ioctl (2017-09-20) initialised: dm-devel@redhat.com
[    0.970184] ledtrig-cpu: registered to indicate activity on CPUs
[    0.972552] NET: Registered protocol family 10
[    0.985212] Segment Routing with IPv6
[    0.986185] NET: Registered protocol family 17
[    0.987331] Key type dns_resolver registered
[    0.989228] mce: Using 0 MCE banks
[    0.990349] RAS: Correctable Errors collector initialized.
[    0.991566] sched_clock: Marking stable (989168655, 0)->(1255911976, -266743321)
[    1.005364] registered taskstats version 1
[    1.006859] Loading compiled-in X.509 certificates
[    1.013247] Loaded X.509 cert 'Build time autogenerated kernel key: 12f2d460e247d21dc5d156478bb7d4abc0f5a070'
[    1.015727] zswap: loaded using pool lzo/zbud
[    1.023084] Key type big_key registered
[    1.023830] Key type trusted registered
[    1.028075] Key type encrypted registered
[    1.029128] AppArmor: AppArmor sha1 policy hashing enabled
[    1.030220] ima: No TPM chip found, activating TPM-bypass! (rc=-19)
[    1.031721] ima: Allocated hash algorithm: sha1
[    1.033446] evm: HMAC attrs: 0x1
[    1.034822]   Magic number: 8:195:471
[    1.036857] rtc_cmos rtc_cmos: setting system clock to 2020-10-20 07:27:55 UTC (1603178875)
[    1.039423] BIOS EDD facility v0.16 2004-Jun-25, 0 devices found
[    1.041244] EDD information not available.
[    1.116625] Freeing unused kernel image memory: 2436K
[    1.128244] Write protecting the kernel read-only data: 20480k
[    1.131798] Freeing unused kernel image memory: 2008K
[    1.134580] Freeing unused kernel image memory: 1872K
[    1.146435] x86/mm: Checked W+X mappings: passed, no W+X pages found.
[    1.147816] x86/mm: Checking user space page tables
[    1.158758] x86/mm: Checked W+X mappings: passed, no W+X pages found.
Loading, please wait...
starting version 237
[    1.298840] e1000: Intel(R) PRO/1000 Network Driver - version 7.3.21-k8-NAPI
[    1.303391] e1000: Copyright (c) 1999-2006 Intel Corporation.
[    1.306717] Fusion MPT base driver 3.04.20
[    1.307519] Copyright (c) 1999-2008 LSI Corporation
[    1.318504] AVX version of gcm_enc/dec engaged.
[    1.319742] AES CTR mode by8 optimization enabled
[    1.357547] Fusion MPT SPI Host driver 3.04.20
[    1.491547] input: ImExPS/2 Generic Explorer Mouse as /devices/platform/i8042/serio1/input/input4
[    1.869110] e1000 0000:00:03.0 eth0: (PCI:33MHz:32-bit) 02:7d:29:b6:4b:3c
[    1.871277] e1000 0000:00:03.0 eth0: Intel(R) PRO/1000 Network Connection
[    1.877164] mptbase: ioc0: Initiating bringup
[    1.880228] e1000 0000:00:03.0 enp0s3: renamed from eth0
[    2.856482] ioc0: LSI53C1030 A0: Capabilities={Initiator}
[    6.362114] scsi host2: ioc0: LSI53C1030 A0, FwRev=00000000h, Ports=1, MaxQ=256, IRQ=20
[    8.295928] scsi 2:0:0:0: Direct-Access     VBOX     HARDDISK         1.0  PQ: 0 ANSI: 5
[    8.336215] scsi target2:0:0: Beginning Domain Validation
[    8.342326] scsi target2:0:0: Domain Validation skipping write tests
[    8.345837] scsi target2:0:0: Ending Domain Validation
[    8.347934] scsi target2:0:0: asynchronous
[    8.350793] scsi 2:0:1:0: Direct-Access     VBOX     HARDDISK         1.0  PQ: 0 ANSI: 5
[    8.384186] scsi target2:0:1: Beginning Domain Validation
[    8.388529] random: fast init done
[    8.391386] scsi target2:0:1: Domain Validation skipping write tests
[    8.394904] scsi target2:0:1: Ending Domain Validation
[    8.400372] scsi target2:0:1: asynchronous
[    8.411132] random: systemd-udevd: uninitialized urandom read (16 bytes read)
[    8.413907] random: systemd-udevd: uninitialized urandom read (16 bytes read)
[    8.416050] random: systemd-udevd: uninitialized urandom read (16 bytes read)
[    8.419104] sd 2:0:0:0: Attached scsi generic sg0 type 0
[    8.419397] sd 2:0:0:0: [sda] 20971520 512-byte logical blocks: (10.7 GB/10.0 GiB)
[    8.422959] sd 2:0:1:0: Attached scsi generic sg1 type 0
[    8.432431] sd 2:0:0:0: [sda] Write Protect is off
[    8.434224] sd 2:0:1:0: [sdb] 20480 512-byte logical blocks: (10.5 MB/10.0 MiB)
[    8.434340] sd 2:0:0:0: [sda] Incomplete mode parameter data
[    8.437779] sd 2:0:0:0: [sda] Assuming drive cache: write through
[    8.437810] sd 2:0:1:0: [sdb] Write Protect is off
[    8.444342] sd 2:0:1:0: [sdb] Incomplete mode parameter data
[    8.446873] sd 2:0:1:0: [sdb] Assuming drive cache: write through
[    8.481772]  sda: sda1
[    8.486433] sd 2:0:0:0: [sda] Attached SCSI disk
[    8.526806] sd 2:0:1:0: [sdb] Attached SCSI disk
Begin: Loading essential drivers ... [   10.264098] raid6: sse2x1   gen()  6663 MB/s
[   10.312181] raid6: sse2x1   xor()  4751 MB/s
[   10.360119] raid6: sse2x2   gen()  8491 MB/s
[   10.408136] raid6: sse2x2   xor()  4994 MB/s
[   10.456109] raid6: sse2x4   gen() 10152 MB/s
[   10.504107] raid6: sse2x4   xor()  6142 MB/s
[   10.504960] raid6: using algorithm sse2x4 gen() 10152 MB/s
[   10.505982] raid6: .... xor() 6142 MB/s, rmw enabled
[   10.507132] raid6: using ssse3x2 recovery algorithm
[   10.510299] xor: automatically using best checksumming function   avx       
[   10.513376] async_tx: api initialized (async)
done.
Begin: Running /scripts/init-premount ... done.
Begin: Mounting root file system ... Begin: Running /scripts/local-top ... done.
Begin: Running /scripts/local-premount ... [   10.587444] Btrfs loaded, crc32c=crc32c-intel
Scanning for Btrfs filesystems
done.
Warning: fsck not present, so skipping root file system
[   10.742738] EXT4-fs (sda1): mounted filesystem with ordered data mode. Opts: (null)
done.
Begin: Running /scripts/local-bottom ... done.
Begin: Running /scripts/init-bottom ... done.
[   12.058087] ip_tables: (C) 2000-2006 Netfilter Core Team
[   12.195136] systemd[1]: systemd 237 running in system mode. (+PAM +AUDIT +SELINUX +IMA +APPARMOR +SMACK +SYSVINIT +UTMP +LIBCRYPTSETUP +GCRYPT +GNUTLS +ACL +XZ +LZ4 +SECCOMP +BLKID +ELFUTILS +KMOD -IDN2 +IDN -PCRE2 default-hierarchy=hybrid)
[   12.201312] systemd[1]: Detected virtualization oracle.
[   12.206069] systemd[1]: Detected architecture x86-64.

Welcome to [1mUbuntu 18.04.5 LTS[0m!

[   12.251059] systemd[1]: Set hostname to <ubuntu>.
[   12.319850] systemd[1]: Initializing machine ID from random generator.
[   12.323479] systemd[1]: Installed transient /etc/machine-id file.
[   12.902358] random: crng init done
[   12.903746] random: 7 urandom warning(s) missed due to ratelimiting
[   14.409663] systemd[1]: Started Forward Password Requests to Wall Directory Watch.
[[0;32m  OK  [0m] Started Forward Password Requests to Wall Directory Watch.
[   14.418882] systemd[1]: Created slice User and Session Slice.
[[0;32m  OK  [0m] Created slice User and Session Slice.
[   14.424397] systemd[1]: Created slice System Slice.
[[0;32m  OK  [0m] Created slice System Slice.
[   14.427149] systemd[1]: Listening on LVM2 poll daemon socket.
[[0;32m  OK  [0m] Listening on LVM2 poll daemon socket.
[[0;32m  OK  [0m] Listening on Device-mapper event daemon FIFOs.
[[0;32m  OK  [0m] Reached target Slices.
[[0;32m  OK  [0m] Listening on Journal Socket.
         Mounting Huge Pages File System...
[[0;32m  OK  [0m] Listening on udev Control Socket.
         Starting Remount Root and Kernel File Systems...
         Starting Set the console keyboard layout...
[[0;32m  OK  [0m] Listening on Network Service Netlink Socket.
[[0;32m  OK  [0m] Set up automount Arbitrary Executab…rmats File System Automount Point.
[[0;32m  OK  [0m] Created slice system-serial\x2dgetty.slice.
[[0;32m  OK  [0m] Reached target User and Group Name Lookups.
         Starting Load Kernel Modules...
         Mounting Kernel Debug File System...
[[0;32m  OK  [0m] Reached target System Time Synchronized.
         Starting Uncomplicated firewall...
[[0;32m  OK  [0m] Listening on udev Kernel Socket.
[[0;32m  OK  [0m] Listening on LVM2 metadata daemon socket.
[[0;32m  OK  [0m] Listening on Journal Audit Socket.
         Starting udev Coldplug all Devices...
         Mounting POSIX Message Queue File System...
[[0;32m  OK  [0m] Listening on Syslog Socket.
         Starting Create list of required st…ce nodes for the current kernel...
[[0;32m  OK  [0m] Reached target Swap.
         Starting Monitoring of LVM2 mirrors…ng dmeventd or progress polling...
[[0;32m  OK  [0m] Listening on Journal Socket (/dev/log).
[[0;32m  OK  [0m] Listening on /dev/initctl Compatibility Named Pipe.
         Starting Journal Service...
[[0;32m  OK  [0m] Mounted Huge Pages File System.
[[0;32m  OK  [0m] Mounted Kernel Debug File System.
[[0;32m  OK  [0m] Mounted POSIX Message Queue File System.
[[0;32m  OK  [0m] Started Uncomplicated firewall.
[   15.077934] EXT4-fs (sda1): re-mounted. Opts: (null)
[[0;32m  OK  [0m] Started Remount Root and Kernel File Systems.
         Starting Load/Save Random Seed...
[   15.319773] Loading iSCSI transport class v2.0-870.
[[0;32m  OK  [0m] Started Journal Service.
[[0;32m  OK  [0m] Started Load/Save Random Seed.
         Starting Flush Journal to Persistent Storage...
[[0;32m  OK  [0m] Started Create list of required sta…vice nodes for the current kernel.
         Starting Create Static Device Nodes in /dev...
[[0;32m  OK  [0m] Started udev Coldplug all Devices.
[   15.521339] iscsi: registered transport (tcp)
[[0;32m  OK  [0m] Started Set the console keyboard layout.
[   15.569802] systemd-journald[407]: Received request to flush runtime journal from PID 1
[[0;32m  OK  [0m] Started LVM2 metadata daemon.
[   16.298689] iscsi: registered transport (iser)
[[0;32m  OK  [0m] Started Load Kernel Modules.
[[0;32m  OK  [0m] Started Monitoring of LVM2 mirrors,…sing dmeventd or progress polling.
         Mounting FUSE Control File System...
         Starting Apply Kernel Variables...
         Mounting Kernel Configuration File System...
[[0;32m  OK  [0m] Mounted FUSE Control File System.
[[0;32m  OK  [0m] Mounted Kernel Configuration File System.
[[0;32m  OK  [0m] Started Create Static Device Nodes in /dev.
[[0;32m  OK  [0m] Reached target Local File Systems (Pre).
[[0;32m  OK  [0m] Reached target Local File Systems.
         Starting Tell Plymouth To Write Out Runtime Data...
         Starting ebtables ruleset management...
         Starting Set console font and keymap...
         Starting Commit a transient machine-id on disk...
         Starting AppArmor initialization...
         Starting udev Kernel Device Manager...
[[0;32m  OK  [0m] Started Flush Journal to Persistent Storage.
         Starting Create Volatile Files and Directories...
[[0;32m  OK  [0m] Started Tell Plymouth To Write Out Runtime Data.
[[0;32m  OK  [0m] Started Set console font and keymap.
[[0;32m  OK  [0m] Started Create Volatile Files and Directories.
         Starting Update UTMP about System Boot/Shutdown...
[[0;32m  OK  [0m] Started Apply Kernel Variables.
[[0;32m  OK  [0m] Started Update UTMP about System Boot/Shutdown.
[[0;32m  OK  [0m] Started Commit a transient machine-id on disk.
[[0;32m  OK  [0m] Started udev Kernel Device Manager.
[[0;32m  OK  [0m] Started Dispatch Password Requests to Console Directory Watch.
[[0;32m  OK  [0m] Reached target Local Encrypted Volumes.
[[0;32m  OK  [0m] Started ebtables ruleset management.
[[0;32m  OK  [0m] Found device /dev/ttyS0.
[[0;32m  OK  [0m] Listening on Load/Save RF Kill Switch Status /dev/rfkill Watch.
[[0;32m  OK  [0m] Started AppArmor initialization.
         Starting Load AppArmor profiles managed internally by snapd...
         Starting Initial cloud-init job (pre-networking)...
[[0;32m  OK  [0m] Started Load AppArmor profiles managed internally by snapd.
[   26.227405] cloud-init[538]: Cloud-init v. 20.3-2-g371b392c-0ubuntu1~18.04.1 running 'init-local' at Tue, 20 Oct 2020 07:28:19 +0000. Up 24.98 seconds.
[[0;32m  OK  [0m] Started Initial cloud-init job (pre-networking).
[[0;32m  OK  [0m] Reached target Network (Pre).
         Starting Network Service...
[[0;32m  OK  [0m] Started Network Service.
         Starting Wait for Network to be Configured...
         Starting Network Name Resolution...
[[0;32m  OK  [0m] Started Network Name Resolution.
[[0;32m  OK  [0m] Reached target Host and Network Name Lookups.
[[0;32m  OK  [0m] Reached target Network.
[[0;32m  OK  [0m] Started Wait for Network to be Configured.
         Starting Initial cloud-init job (metadata service crawler)...
[   29.610073] cloud-init[659]: Cloud-init v. 20.3-2-g371b392c-0ubuntu1~18.04.1 running 'init' at Tue, 20 Oct 2020 07:28:23 +0000. Up 29.21 seconds.
[   29.614023] cloud-init[659]: ci-info: ++++++++++++++++++++++++++++++++++++++Net device info++++++++++++++++++++++++++++++++++++++
[   29.616027] cloud-init[659]: ci-info: +--------+------+----------------------------+---------------+--------+-------------------+
[   29.618164] cloud-init[659]: ci-info: | Device |  Up  |          Address           |      Mask     | Scope  |     Hw-Address    |
[   29.623104] cloud-init[659]: ci-info: +--------+------+----------------------------+---------------+--------+-------------------+
[   29.625804] cloud-init[659]: ci-info: | enp0s3 | True |         10.0.2.15          | 255.255.255.0 | global | 02:7d:29:b6:4b:3c |
[   29.627511] cloud-init[659]: ci-info: | enp0s3 | True | fe80::7d:29ff:feb6:4b3c/64 |       .       |  link  | 02:7d:29:b6:4b:3c |
[   29.632406] cloud-init[659]: ci-info: |   lo   | True |         127.0.0.1          |   255.0.0.0   |  host  |         .         |
[   29.634941] cloud-init[659]: ci-info: |   lo   | True |          ::1/128           |       .       |  host  |         .         |
[   29.637731] cloud-init[659]: ci-info: +--------+------+----------------------------+---------------+--------+-------------------+
[   29.640730] cloud-init[659]: ci-info: ++++++++++++++++++++++++++++Route IPv4 info+++++++++++++++++++++++++++++
[   29.643474] cloud-init[659]: ci-info: +-------+-------------+----------+-----------------+-----------+-------+
[   29.648446] cloud-init[659]: ci-info: | Route | Destination | Gateway  |     Genmask     | Interface | Flags |
[   29.651133] cloud-init[659]: ci-info: +-------+-------------+----------+-----------------+-----------+-------+
[   29.655021] cloud-init[659]: ci-info: |   0   |   0.0.0.0   | 10.0.2.2 |     0.0.0.0     |   enp0s3  |   UG  |
[   29.658466] cloud-init[659]: ci-info: |   1   |   10.0.2.0  | 0.0.0.0  |  255.255.255.0  |   enp0s3  |   U   |
[   29.663304] cloud-init[659]: ci-info: |   2   |   10.0.2.2  | 0.0.0.0  | 255.255.255.255 |   enp0s3  |   UH  |
[   29.665523] cloud-init[659]: ci-info: +-------+-------------+----------+-----------------+-----------+-------+
[   29.667020] cloud-init[659]: ci-info: +++++++++++++++++++Route IPv6 info+++++++++++++++++++
[   29.672117] cloud-init[659]: ci-info: +-------+-------------+---------+-----------+-------+
[   29.674308] cloud-init[659]: ci-info: | Route | Destination | Gateway | Interface | Flags |
[   29.676373] cloud-init[659]: ci-info: +-------+-------------+---------+-----------+-------+
[   29.678175] cloud-init[659]: ci-info: |   1   |  fe80::/64  |    ::   |   enp0s3  |   U   |
[   29.680321] cloud-init[659]: ci-info: |   3   |    local    |    ::   |   enp0s3  |   U   |
[   29.684213] cloud-init[659]: ci-info: |   4   |   ff00::/8  |    ::   |   enp0s3  |   U   |
[   29.686437] cloud-init[659]: ci-info: +-------+-------------+---------+-----------+-------+
[   32.684500] cloud-init[659]: Generating public/private rsa key pair.
[   32.685870] cloud-init[659]: Your identification has been saved in /etc/ssh/ssh_host_rsa_key.
[   32.690033] cloud-init[659]: Your public key has been saved in /etc/ssh/ssh_host_rsa_key.pub.
[   32.695873] cloud-init[659]: The key fingerprint is:
[   32.698488] cloud-init[659]: SHA256:M2c7bIlnnDFe66gfWb8CU6eI9+Sd1G/ElxgI6OLXmRo root@ubuntu-bionic
[   32.713127] cloud-init[659]: The key's randomart image is:
[   32.714475] cloud-init[659]: +---[RSA 2048]----+
[   32.716087] cloud-init[659]: |        .        |
[   32.717230] cloud-init[659]: |       . .       |
[   32.718835] cloud-init[659]: |      .   . .    |
[   32.720154] cloud-init[659]: |     . .   ....  |
[   32.721207] cloud-init[659]: |    . . S.Booooo.|
[   32.724662] cloud-init[659]: |     . E.&=Xo+..=|
[   32.726193] cloud-init[659]: |      . +.#*.o.oo|
[   32.727683] cloud-init[659]: |       . + =+ o.o|
[   32.729100] cloud-init[659]: |        .oo .... |
[   32.730231] cloud-init[659]: +----[SHA256]-----+
[   32.731239] cloud-init[659]: Generating public/private dsa key pair.
[   32.746260] cloud-init[659]: Your identification has been saved in /etc/ssh/ssh_host_dsa_key.
[   32.747687] cloud-init[659]: Your public key has been saved in /etc/ssh/ssh_host_dsa_key.pub.
[   32.749342] cloud-init[659]: The key fingerprint is:
[   32.750437] cloud-init[659]: SHA256:KJb+Mg8VO+q8lQkf4Rmzw3f+ejT81ADQ7lzMqjcTQO0 root@ubuntu-bionic
[   32.753583] cloud-init[659]: The key's randomart image is:
[   32.758474] cloud-init[659]: +---[DSA 1024]----+
[   32.759588] cloud-init[659]: |          .+     |
[   32.763434] cloud-init[659]: |          . +    |
[   32.765335] cloud-init[659]: |      =  . o +   |
[   32.766610] cloud-init[659]: |     + X  . E =  |
[   32.767466] cloud-init[659]: |    = % S .= o o |
[   32.770905] cloud-init[659]: |   o * B o  O . .|
[   32.772014] cloud-init[659]: |    + =   .o =   |
[   32.772838] cloud-init[659]: |   oo+    ..= .  |
[   32.773834] cloud-init[659]: |    +=o   .+.o   |
[   32.774811] cloud-init[659]: +----[SHA256]-----+
[   32.775746] cloud-init[659]: Generating public/private ecdsa key pair.
[   32.783051] cloud-init[659]: Your identification has been saved in /etc/ssh/ssh_host_ecdsa_key.
[   32.796675] cloud-init[659]: Your public key has been saved in /etc/ssh/ssh_host_ecdsa_key.pub.
[   32.800881] cloud-init[659]: The key fingerprint is:
[   32.826615] cloud-init[659]: SHA256:dVhpP5tYcTsGKzTBM/xqBfg/rhaVZlLCUkE5vUmDiiA root@ubuntu-bionic
[   32.828735] cloud-init[659]: The key's randomart image is:
[   32.831953] cloud-init[659]: +---[ECDSA 256]---+
[   32.834579] cloud-init[659]: |          B=B.   |
[   32.842762] cloud-init[659]: |   E .   o ^o*. .|
[   32.844023] cloud-init[659]: |    . . . B.%.Bo.|
[   32.845772] cloud-init[659]: |       . o = @++ |
[   32.847290] cloud-init[659]: |        S   Xo.+.|
[   32.848311] cloud-init[659]: |           +.oo  |
[[   32.865780] cloud-init[659]: |          . o .  |
[   32.866004] cloud-init[659]: |           . .   |
[   32.867079] cloud-init[659]: |          ...    |
[0;32m  OK  [0m] Started Initial cloud-init job (metadata service crawler).
[[0;32m  OK  [0m] Reached target Network is Online.
[   32.867243] cloud-init[659]: +----[SHA256]-----+
[   32.887227] cloud-init[659]: Generating public/private ed25519 key pair.
[   32.890746] cloud-init[659]: Your identification has been saved in /etc/ssh/ssh_host_ed25519_key.
[[0;32m  OK  [0m[   32.906066] ] cloud-initReached target Remote File Systems (Pre).[659]: 
Your public key has been saved in /etc/ssh/ssh_host_ed25519_key.pub.
[[   32.908038] cloud-init[659]: The key fingerprint is:
[   32.908514] cloud-init[659]: SHA256:yqAr7NWY0v9M883uJkGllmoFI6WY+ufeWYioqGBl9fM root@ubuntu-bionic
[0;32m  OK  [0m] Reached target Remote File Systems.
[   32.910325] cloud-init[659]: The key's randomart image is:
[   32.925672] cloud-init[659]: +--[ED25519 256]--+
[   32.932355]          Starting Availability of block devices...
[[0;32m  OK  [0m] Reached target Cloud-config availability.
[[0;32m  OK  [0m] Reached target System Initialization.
[[0;32m  OK  [0m] Listening on Open-iSCSI iscsid Socket.
[[0;32m  OK  [0m] Started Message of the Day.
cloud-init[659]: |      ..         |
         Starting Socket activation for snappy daemon.
[   32.947651] cloud-init[659]: |    o..o   .     |
[   32.949497] cloud-init[659]: |   o o. o +      |
[   32.955765] cloud-init[659]: |  . . .  *       |
[[0;32m  OK  [0m] Started ACPI Events Check.
[   32.961679] [[0;32m  OK  [0m] Listening on ACPID Listen Socket.
cloud-init[[0;32m  OK  [0m] Listening on UUID daemon activation socket.
[659]: | . o.  oS        |
[[0;32m  OK  [0m] Started Daily apt download activities.
[[0;32m  OK  [0m] Started Daily apt upgrade and clean activities.
[   32.977047] cloud-init[659]: |  =.=o.++.       |
[   32.979258] cloud-init[659]: |oo.B +++ E.      |
[   32.980876] cloud-init[659]: |=.+.+ + =.o.     |
[   32.983059] cloud-init[659]: |=+. .+.= .==     |
         Starting LXD - unix socket.
[   32.997376] [[0;32m  OK  [0m] Listening on D-Bus System Message Bus Socket.
[[0;32m  OK  [0m] Reached target Paths.
cloud-init[659]: +----[SHA256]-----+
[[0;32m  OK  [0m] Started Daily Cleanup of Temporary Directories.
[[0;32m  OK  [0m] Started Discard unused blocks once a week.
[[0;32m  OK  [0m] Reached target Timers.
[[0;32m  OK  [0m] Started Availability of block devices.
[[0;32m  OK  [0m] Listening on Socket activation for snappy daemon.
[[0;32m  OK  [0m] Listening on LXD - unix socket.
[[0;32m  OK  [0m] Reached target Sockets.
[[0;32m  OK  [0m] Reached target Basic System.
         Starting System Logging Service...
         Starting LSB: automatic crash report generation...
         Starting Login Service...
         Starting Dispatcher daemon for systemd-networkd...
[[0;32m  OK  [0m] Started Deferred execution scheduler.
         Starting Permit User Sessions...
[[0;32m  OK  [0m] Started Regular background program processing daemon.
[[0;32m  OK  [0m] Started FUSE filesystem for LXC.
         Starting Virtualbox guest utils...
         Starting Snap Daemon...
         Starting LSB: Record successful boot for GRUB...
[[0;32m  OK  [0m] Started D-Bus System Message Bus.
[[0;32m  OK  [0m] Started Login Service.
[[0;32m  OK  [0m] Started irqbalance daemon.
         Starting Pollinate to seed the pseudo random number generator...
[[0;32m  OK  [0m] Started Unattended Upgrades Shutdown.
         Starting Accounts Service...
         Starting LXD - container startup/shutdown...
[[0;32m  OK  [0m] Started System Logging Service.
[[0;32m  OK  [0m] Started Dispatcher daemon for systemd-networkd.
[[0;32m  OK  [0m] Started Permit User Sessions.
         Starting Terminate Plymouth Boot Screen...
         Starting Hold until boot process finishes up...
[[0;32m  OK  [0m] Started Hold until boot process finishes up.
         Starting Set console scheme...
[[0;32m  OK  [0m] Started Serial Getty on ttyS0.
[[0;32m  OK  [0m] Started Terminate Plymouth Boot Screen.
[[0;32m  OK  [0m] Started Set console scheme.
[[0;32m  OK  [0m] Created slice system-getty.slice.
[[0;32m  OK  [0m] Started Getty on tty1.
[[0;32m  OK  [0m] Reached target Login Prompts.
[[0;32m  OK  [0m] Started LSB: automatic crash report generation.
         Starting Authorization Manager...
[[0;32m  OK  [0m] Started LSB: Record successful boot for GRUB.
[[0;32m  OK  [0m] Started Virtualbox guest utils.
[[0;32m  OK  [0m] Started Authorization Manager.
[[0;32m  OK  [0m] Started Accounts Service.
[[0;32m  OK  [0m] Started LXD - container startup/shutdown.

Ubuntu 18.04.5 LTS ubuntu-bionic ttyS0

ubuntu-bionic login: [   48.103304] cloud-init[1311]: Cloud-init v. 20.3-2-g371b392c-0ubuntu1~18.04.1 running 'modules:config' at Tue, 20 Oct 2020 07:28:38 +0000. Up 43.58 seconds.
ci-info: no authorized SSH keys fingerprints found for user ubuntu.
<14>Oct 20 07:28:43 ec2: 
<14>Oct 20 07:28:43 ec2: #############################################################
<14>Oct 20 07:28:43 ec2: -----BEGIN SSH HOST KEY FINGERPRINTS-----
<14>Oct 20 07:28:43 ec2: 1024 SHA256:KJb+Mg8VO+q8lQkf4Rmzw3f+ejT81ADQ7lzMqjcTQO0 root@ubuntu-bionic (DSA)
<14>Oct 20 07:28:43 ec2: 256 SHA256:dVhpP5tYcTsGKzTBM/xqBfg/rhaVZlLCUkE5vUmDiiA root@ubuntu-bionic (ECDSA)
<14>Oct 20 07:28:43 ec2: 256 SHA256:yqAr7NWY0v9M883uJkGllmoFI6WY+ufeWYioqGBl9fM root@ubuntu-bionic (ED25519)
<14>Oct 20 07:28:43 ec2: 2048 SHA256:M2c7bIlnnDFe66gfWb8CU6eI9+Sd1G/ElxgI6OLXmRo root@ubuntu-bionic (RSA)
<14>Oct 20 07:28:43 ec2: -----END SSH HOST KEY FINGERPRINTS-----
<14>Oct 20 07:28:43 ec2: #############################################################
-----BEGIN SSH HOST KEY KEYS-----
ecdsa-sha2-nistp256 AAAAE2VjZHNhLXNoYTItbmlzdHAyNTYAAAAIbmlzdHAyNTYAAABBBE9C22KnfeIHA/3rSbFK9xVtcmm9WmaqzwvrL9wR+4/RbMNWjrvcdpNmXag4F7ehYnL2Z/xlWOPoksim9cfrYQo= root@ubuntu-bionic
ssh-ed25519 AAAAC3NzaC1lZDI1NTE5AAAAILq96AXT/RD5GHek/37i2v40rRyuuH7f4L0v0zrE3+PE root@ubuntu-bionic
ssh-rsa AAAAB3NzaC1yc2EAAAADAQABAAABAQDAPoK8G9O5upwOp5Fxs0bjf2jMraeiYT6SHBX5p52bAFsox7G6Ah7QO7qED89bCyf1CqjNzFNKDHv2GGQvZUNz9HZc24kVB8N74OXkV4r4YCVUcti5l+KNNVFe10d1X2H07yNcBdDnQ1g6Hwgr77cztwuHqT+DC+JZham6nDbaMUfDPCUI+6JxmyMTb8M8QrO0fdL7fuOL56KTS607Xl4tl29F+mTPkJ8ZGgsR4OvJu/+2UtoUXV62vR6453SuFTTsCBHGDjkk6wklSx7BpRWSa6BJOkIbm32SIYhMn8O29O11sMeNYDg2XLH08I2BWsGNHO+Id562ZyJ4R21SS8E9 root@ubuntu-bionic
-----END SSH HOST KEY KEYS-----
[   49.390865] cloud-init[1483]: Cloud-init v. 20.3-2-g371b392c-0ubuntu1~18.04.1 running 'modules:final' at Tue, 20 Oct 2020 07:28:43 +0000. Up 49.01 seconds.
[   49.391876] cloud-init[1483]: ci-info: no authorized SSH keys fingerprints found for user ubuntu.
[   49.392162] cloud-init[1483]: Cloud-init v. 20.3-2-g371b392c-0ubuntu1~18.04.1 finished at Tue, 20 Oct 2020 07:28:43 +0000. Datasource DataSourceNoCloud [seed=/dev/sdb][dsmode=net].  Up 49.36 seconds
